<?xml version="1.0" encoding="UTF-8"?>
<testng-results ignored="0" total="1" passed="1" failed="0" skipped="0">
  <reporter-output>
  </reporter-output>
  <suite started-at="2025-02-11T11:16:03 CET" name="Surefire suite" finished-at="2025-02-11T11:16:03 CET" duration-ms="71">
    <groups>
    </groups>
    <test started-at="2025-02-11T11:16:03 CET" name="Surefire test" finished-at="2025-02-11T11:16:03 CET" duration-ms="71">
      <class name="practice.AppTest">
        <test-method signature="testApp()[pri:0, instance:practice.AppTest@5db250b4]" started-at="2025-02-11T11:16:03 CET" name="testApp" finished-at="2025-02-11T11:16:03 CET" duration-ms="9" status="PASS">
          <reporter-output>
          </reporter-output>
        </test-method> <!-- testApp -->
      </class> <!-- practice.AppTest -->
    </test> <!-- Surefire test -->
  </suite> <!-- Surefire suite -->
</testng-results>
